2025-10-03 07:13:18,057 - INFO - Ma'lumotlarni yuklash jarayoni boshlandi.
2025-10-03 07:13:18,057 - INFO - ZIP fayl ochilmoqda: C:\Users\Rasulbek907\Desktop\SML_2_Pr\Data\raw_data\train.csv.zip
2025-10-03 07:13:18,411 - INFO - 'train.csv' muvaffaqiyatli o'qildi.
2025-10-03 07:13:18,411 - INFO - ZIP fayl ochilmoqda: C:\Users\Rasulbek907\Desktop\SML_2_Pr\Data\raw_data\test.csv.zip
2025-10-03 07:13:18,453 - INFO - 'test.csv' muvaffaqiyatli o'qildi.
2025-10-03 07:13:18,453 - INFO - Train dataset satrlar soni: 456548
2025-10-03 07:13:18,453 - INFO - Test dataset satrlar soni: 32573
2025-10-03 07:13:18,454 - INFO - Ma'lumotlarni yuklash jarayoni tugadi.
2025-10-03 07:19:23,882 - INFO - Ma'lumotlarni yuklash jarayoni boshlandi.
2025-10-03 07:19:23,882 - INFO - ZIP fayl ochilmoqda: C:\Users\Rasulbek907\Desktop\SML_2_Pr\Data\raw_data\train.csv.zip
2025-10-03 07:19:24,199 - INFO - 'train.csv' muvaffaqiyatli o'qildi.
2025-10-03 07:19:24,199 - INFO - ZIP fayl ochilmoqda: C:\Users\Rasulbek907\Desktop\SML_2_Pr\Data\raw_data\test.csv.zip
2025-10-03 07:19:24,226 - INFO - 'test.csv' muvaffaqiyatli o'qildi.
2025-10-03 07:19:24,226 - INFO - Train dataset satrlar soni: 456548
2025-10-03 07:19:24,226 - INFO - Test dataset satrlar soni: 32573
2025-10-03 07:19:24,226 - INFO - Ma'lumotlarni yuklash jarayoni tugadi.
2025-10-03 07:20:35,953 - INFO - Ma'lumotlarni yuklash jarayoni boshlandi.
2025-10-03 07:20:35,953 - INFO - ZIP fayl ochilmoqda: C:\Users\Rasulbek907\Desktop\SML_2_Pr\Data\raw_data\train.csv.zip
2025-10-03 07:20:36,273 - INFO - 'train.csv' muvaffaqiyatli o'qildi.
2025-10-03 07:20:36,273 - INFO - ZIP fayl ochilmoqda: C:\Users\Rasulbek907\Desktop\SML_2_Pr\Data\raw_data\test.csv.zip
2025-10-03 07:20:36,301 - INFO - 'test.csv' muvaffaqiyatli o'qildi.
2025-10-03 07:20:36,301 - INFO - Train dataset satrlar soni: 456548
2025-10-03 07:20:36,301 - INFO - Test dataset satrlar soni: 32573
2025-10-03 07:20:36,301 - INFO - Ma'lumotlarni yuklash jarayoni tugadi.
2025-10-03 07:27:41,077 - INFO - CSV fayl o'qilmoqda: data_merged.csv
2025-10-03 07:27:41,441 - INFO - Fayl muvaffaqiyatli o'qildi. Sat\u0131rlar soni: 489121 ustunlar soni: 10
